<?xml version="1.0" encoding="utf-8"?><testsuites name="pytest tests"><testsuite name="pytest" errors="0" failures="0" skipped="0" tests="20" time="14.994" timestamp="2026-04-27T09:23:50.760674+05:30" hostname="LAPTOP-HV2OODRR"><testcase classname="tests.test_data_quality" name="test_analyze_data_quality_basic_summary" time="0.006" /><testcase classname="tests.test_data_quality" name="test_analyze_data_quality_detects_missing_and_duplicates" time="0.005" /><testcase classname="tests.test_data_quality" name="test_analyze_data_quality_detects_target_imbalance" time="0.008" /><testcase classname="tests.test_data_quality" name="test_analyze_data_quality_detects_high_cardinality_and_id_columns" time="0.006" /><testcase classname="tests.test_data_quality" name="test_build_data_quality_report_payload_includes_metadata" time="0.004" /><testcase classname="tests.test_data_quality" name="test_write_data_quality_report_creates_json_file" time="0.038" /><testcase classname="tests.test_data_quality" name="test_apply_quick_fixes_fill_simple_and_drop_constant" time="0.006" /><testcase classname="tests.test_data_quality" name="test_apply_quick_fixes_drop_rows_strategy" time="0.004" /><testcase classname="tests.test_data_quality" name="test_apply_quick_fixes_drop_duplicate_rows" time="0.003" /><testcase classname="tests.test_executor_titanic" name="test_run_titanic_pipeline_has_model_and_metrics" time="0.453" /><testcase classname="tests.test_prediction_batch" name="test_predict_dataframe_classification_outputs_scores" time="0.443" /><testcase classname="tests.test_prediction_batch" name="test_predict_dataframe_classification_simple_profile_reduces_columns" time="0.402" /><testcase classname="tests.test_prediction_batch" name="test_predict_dataframe_missing_required_column_raises" time="0.354" /><testcase classname="tests.test_prediction_batch" name="test_predict_dataframe_regression_outputs_numeric_prediction" time="3.127" /><testcase classname="tests.test_prediction_batch" name="test_predict_dataframe_anomaly_outputs_label_and_score" time="6.987" /><testcase classname="tests.test_logging_and_path_resolution" name="test_log_run_writes_canonical_header_on_new_file" time="0.019" /><testcase classname="tests.test_logging_and_path_resolution" name="test_log_run_appends_to_legacy_header" time="0.019" /><testcase classname="tests.test_logging_and_path_resolution" name="test_run_pipeline_resolves_csv_relative_to_yaml" time="0.295" /><testcase classname="tests.test_logging_and_path_resolution" name="test_phase1_paths_exist" time="0.007" /><testcase classname="tests.test_logging_and_path_resolution" name="test_run_pipeline_writes_run_summary" time="0.323" /></testsuite></testsuites>