<?xml version="1.0" encoding="utf-8"?><testsuites name="pytest tests"><testsuite name="pytest" errors="0" failures="0" skipped="0" tests="5" time="39.344" timestamp="2026-04-27T09:07:46.648494+05:30" hostname="LAPTOP-HV2OODRR"><testcase classname="tests.test_executor_titanic" name="test_run_titanic_pipeline_has_model_and_metrics" time="1.011" /><testcase classname="tests.test_prediction_batch" name="test_predict_dataframe_classification_outputs_scores" time="0.875" /><testcase classname="tests.test_prediction_batch" name="test_predict_dataframe_classification_simple_profile_reduces_columns" time="0.840" /><testcase classname="tests.test_prediction_batch" name="test_predict_dataframe_missing_required_column_raises" time="0.779" /><testcase classname="tests.test_prediction_batch" name="test_predict_dataframe_regression_outputs_numeric_prediction" time="23.314" /><testcase time="0.000" /></testsuite></testsuites>