<?xml version="1.0" encoding="utf-8"?><testsuites name="pytest tests"><testsuite name="pytest" errors="0" failures="0" skipped="0" tests="28" time="17.276" timestamp="2026-04-26T20:12:59.381812+05:30" hostname="LAPTOP-HV2OODRR"><testcase classname="tests.test_binary_mvp_flow" name="test_binary_classification_mvp_end_to_end" time="0.243" /><testcase classname="tests.test_data_quality" name="test_analyze_data_quality_basic_summary" time="0.003" /><testcase classname="tests.test_data_quality" name="test_analyze_data_quality_detects_missing_and_duplicates" time="0.002" /><testcase classname="tests.test_data_quality" name="test_analyze_data_quality_detects_target_imbalance" time="0.003" /><testcase classname="tests.test_data_quality" name="test_analyze_data_quality_detects_high_cardinality_and_id_columns" time="0.002" /><testcase classname="tests.test_executor_classification_logreg" name="test_run_logistic_classification_pipeline_has_metrics" time="0.051" /><testcase classname="tests.test_executor_error_handling" name="test_pipeline_wraps_missing_csv_with_hint" time="0.006" /><testcase classname="tests.test_executor_error_handling" name="test_pipeline_wraps_missing_target_with_hint" time="0.025" /><testcase classname="tests.test_executor_error_handling" name="test_pipeline_preprocess_requires_feature_columns" time="0.023" /><testcase classname="tests.test_executor_error_handling" name="test_pipeline_preprocess_requires_minimum_rows" time="0.024" /><testcase classname="tests.test_executor_fraud" name="test_run_fraud_anomaly_pipeline_has_anomaly_metrics" time="3.379" /><testcase classname="tests.test_executor_regression" name="test_run_house_regression_pipeline_has_model_and_metrics" time="1.800" /><testcase classname="tests.test_executor_titanic" name="test_run_titanic_pipeline_has_model_and_metrics" time="0.241" /><testcase classname="tests.test_logging_and_path_resolution" name="test_log_run_writes_canonical_header_on_new_file" time="0.010" /><testcase classname="tests.test_logging_and_path_resolution" name="test_log_run_appends_to_legacy_header" time="0.013" /><testcase classname="tests.test_logging_and_path_resolution" name="test_run_pipeline_resolves_csv_relative_to_yaml" time="0.197" /><testcase classname="tests.test_logging_and_path_resolution" name="test_phase1_paths_exist" time="0.003" /><testcase classname="tests.test_logging_and_path_resolution" name="test_run_pipeline_writes_run_summary" time="0.232" /><testcase classname="tests.test_prediction_batch" name="test_predict_dataframe_classification_outputs_scores" time="0.259" /><testcase classname="tests.test_prediction_batch" name="test_predict_dataframe_classification_simple_profile_reduces_columns" time="0.269" /><testcase classname="tests.test_prediction_batch" name="test_predict_dataframe_missing_required_column_raises" time="0.221" /><testcase classname="tests.test_prediction_batch" name="test_predict_dataframe_regression_outputs_numeric_prediction" time="1.817" /><testcase classname="tests.test_prediction_batch" name="test_predict_dataframe_anomaly_outputs_label_and_score" time="6.951" /><testcase classname="tests.test_yaml_parser" name="test_parse_valid_titanic_yaml" time="0.003" /><testcase classname="tests.test_yaml_parser" name="test_file_not_found_raises" time="0.001" /><testcase classname="tests.test_yaml_parser" name="test_missing_pipeline_name_raises" time="0.007" /><testcase classname="tests.test_yaml_parser" name="test_missing_stages_raises" time="0.007" /><testcase classname="tests.test_yaml_parser" name="test_stage_missing_type_raises" time="0.007" /></testsuite></testsuites>