<?xml version="1.0" encoding="utf-8"?><testsuites name="pytest tests"><testsuite name="pytest" errors="0" failures="0" skipped="0" tests="5" time="12.324" timestamp="2026-04-26T20:49:02.439601+05:30" hostname="LAPTOP-HV2OODRR"><testcase classname="tests.test_prediction_batch" name="test_predict_dataframe_classification_outputs_scores" time="0.268" /><testcase classname="tests.test_prediction_batch" name="test_predict_dataframe_classification_simple_profile_reduces_columns" time="0.254" /><testcase classname="tests.test_prediction_batch" name="test_predict_dataframe_missing_required_column_raises" time="0.222" /><testcase classname="tests.test_prediction_batch" name="test_predict_dataframe_regression_outputs_numeric_prediction" time="2.096" /><testcase classname="tests.test_prediction_batch" name="test_predict_dataframe_anomaly_outputs_label_and_score" time="7.973" /></testsuite></testsuites>