<?xml version="1.0" encoding="utf-8"?><testsuites name="pytest tests"><testsuite name="pytest" errors="0" failures="0" skipped="0" tests="15" time="12.371" timestamp="2026-04-27T19:14:34.039951+05:30" hostname="LAPTOP-HV2OODRR"><testcase classname="tests.test_data_quality" name="test_analyze_data_quality_basic_summary" time="0.003" /><testcase classname="tests.test_data_quality" name="test_analyze_data_quality_detects_missing_and_duplicates" time="0.002" /><testcase classname="tests.test_data_quality" name="test_analyze_data_quality_detects_target_imbalance" time="0.004" /><testcase classname="tests.test_data_quality" name="test_analyze_data_quality_detects_high_cardinality_and_id_columns" time="0.002" /><testcase classname="tests.test_data_quality" name="test_build_data_quality_report_payload_includes_metadata" time="0.002" /><testcase classname="tests.test_data_quality" name="test_write_data_quality_report_creates_json_file" time="0.026" /><testcase classname="tests.test_data_quality" name="test_apply_quick_fixes_fill_simple_and_drop_constant" time="0.003" /><testcase classname="tests.test_data_quality" name="test_apply_quick_fixes_drop_rows_strategy" time="0.002" /><testcase classname="tests.test_data_quality" name="test_apply_quick_fixes_drop_duplicate_rows" time="0.002" /><testcase classname="tests.test_executor_titanic" name="test_run_titanic_pipeline_has_model_and_metrics" time="0.269" /><testcase classname="tests.test_prediction_batch" name="test_predict_dataframe_classification_outputs_scores" time="0.261" /><testcase classname="tests.test_prediction_batch" name="test_predict_dataframe_classification_simple_profile_reduces_columns" time="0.250" /><testcase classname="tests.test_prediction_batch" name="test_predict_dataframe_missing_required_column_raises" time="0.223" /><testcase classname="tests.test_prediction_batch" name="test_predict_dataframe_regression_outputs_numeric_prediction" time="2.104" /><testcase classname="tests.test_prediction_batch" name="test_predict_dataframe_anomaly_outputs_label_and_score" time="7.863" /></testsuite></testsuites>