<?xml version="1.0" encoding="utf-8"?><testsuites name="pytest tests"><testsuite name="pytest" errors="0" failures="0" skipped="0" tests="10" time="13.110" timestamp="2026-04-27T11:18:02.634854+05:30" hostname="LAPTOP-HV2OODRR"><testcase classname="tests.test_prediction_batch" name="test_predict_dataframe_classification_outputs_scores" time="0.294" /><testcase classname="tests.test_prediction_batch" name="test_predict_dataframe_classification_simple_profile_reduces_columns" time="0.326" /><testcase classname="tests.test_prediction_batch" name="test_predict_dataframe_missing_required_column_raises" time="0.221" /><testcase classname="tests.test_prediction_batch" name="test_predict_dataframe_regression_outputs_numeric_prediction" time="2.147" /><testcase classname="tests.test_prediction_batch" name="test_predict_dataframe_anomaly_outputs_label_and_score" time="8.530" /><testcase classname="tests.test_yaml_parser" name="test_parse_valid_titanic_yaml" time="0.005" /><testcase classname="tests.test_yaml_parser" name="test_file_not_found_raises" time="0.001" /><testcase classname="tests.test_yaml_parser" name="test_missing_pipeline_name_raises" time="0.008" /><testcase classname="tests.test_yaml_parser" name="test_missing_stages_raises" time="0.006" /><testcase classname="tests.test_yaml_parser" name="test_stage_missing_type_raises" time="0.006" /></testsuite></testsuites>